\BOOKMARK [-1][-]{chapter*.1}{\376\377\004\043\004\024\004\030\004\040\004\042\004\023\004\020\004\033}{}% 1
\BOOKMARK [0][-]{section.0.1}{\376\377\004\041\004\103\004\064\004\060\004\073\004\063\004\060\004\060\004\075\004\113\000\040\004\257\004\075\004\064\004\115\004\101\000\040\004\061\004\060\000\040\004\060\004\101\004\103\004\103\004\064\004\073\004\113\004\075\000\040\004\102\004\076\004\064\004\076\004\100\004\105\004\076\004\071\004\073\004\076\004\073\004\102}{chapter*.1}% 2
\BOOKMARK [1][-]{section.0.2}{\376\377\004\041\004\103\004\064\004\060\004\073\004\063\004\060\004\060\004\075\004\113\000\040\004\067\004\076\004\100\004\070\004\073\004\063\004\076\000\040\004\061\004\060\000\040\004\067\004\076\004\100\004\070\004\073\004\102}{section.0.1}% 3
\BOOKMARK [1][-]{section.0.3}{\376\377\004\041\004\103\004\064\004\060\004\073\004\063\004\060\004\060\004\075\004\113\000\040\004\060\004\100\004\063\004\060\000\040\004\067\004\257\004\071\000,\000\040\004\105\004\257\004\100\004\115\004\115\000\040\004\061\004\060\000\040\004\105\004\117\004\067\004\063\004\060\004\060\004\100\004\073\004\060\004\073\004\102}{section.0.1}% 4
\BOOKMARK [0][-]{chapter.1}{\376\377\004\041\004\103\004\064\004\060\004\073\004\063\004\060\004\060\000\040\004\061\004\060\000\040\004\036\004\075\004\076\004\073\004\113\004\075\000\040\004\256\004\075\004\064\004\115\004\101}{chapter*.1}% 5
\BOOKMARK [1][-]{section.1.1}{\376\377\000E\000R\000P\000\040\004\101\004\070\004\101\004\102\004\065\004\074\004\070\004\071\004\075\000\040\004\102\004\103\004\105\004\060\004\071\000\040\004\065\004\100\004\351\004\075\004\105\004\070\004\071\000\040\004\076\004\071\004\073\004\063\004\076\004\073\004\102}{chapter.1}% 6
\BOOKMARK [1][-]{section.1.2}{\376\377\000O\000d\000o\000o\000\040\000E\000R\000P\000\040\004\101\004\070\004\101\004\102\004\065\004\074\004\070\004\071\004\075\000\040\004\061\004\257\004\102\004\115\004\106\000\040\004\061\004\060\000\040\004\060\004\100\004\105\004\070\004\102\004\065\004\072\004\102\004\103\004\100}{chapter.1}% 7
\BOOKMARK [1][-]{section.1.3}{\376\377\000P\000o\000r\000t\000a\000l\000\040\004\061\004\060\000\040\000C\000o\000n\000t\000r\000o\000l\000l\000e\000r}{chapter.1}% 8
\BOOKMARK [1][-]{section.1.4}{\376\377\004\045\004\060\004\075\004\064\004\060\004\073\004\102\004\113\004\075\000\040\004\115\004\100\004\105\004\070\004\071\004\075\000\040\004\067\004\060\004\063\004\062\004\060\004\100\000\050\000i\000r\000.\000m\000o\000d\000e\000l\000.\000a\000c\000c\000e\000s\000s\000,\000\040\000i\000r\000.\000r\000u\000l\000e\000\051}{chapter.1}% 9
\BOOKMARK [0][-]{chapter.2}{\376\377\000E\000N\000T\000E\000R\000P\000R\000I\000S\000E\000\040\004\041\004\030\004\041\004\042\004\025\004\034\004\030\004\031\004\035\000\040\004\033\004\030\004\046\004\025\004\035\004\027\000\040\004\020\004\050\004\030\004\023\004\033\004\020\004\033\004\042}{chapter*.1}% 10
\BOOKMARK [1][-]{section.2.1}{\376\377\004\021\004\060\004\071\004\063\004\103\004\103\004\073\004\073\004\060\004\063\004\113\004\075\000\040\000E\000R\000P\000\040\004\105\004\115\004\100\004\115\004\063\004\073\004\115\004\115\004\075\004\070\004\071\000\040\004\351\004\075\004\351\004\351\004\063\004\070\004\071\004\075\000\040\004\061\004\060\004\071\004\064\004\060\004\073\000\040\000\050\000c\000a\000s\000e\000-\000b\000a\000s\000e\000d\000\040\004\101\004\103\004\064\004\060\004\073\004\063\004\060\004\060\000\051}{chapter.2}% 11
\BOOKMARK [1][-]{section.2.2}{\376\377\004\033\004\070\004\106\004\065\004\075\004\067\004\070\004\071\004\075\000\040\004\105\004\257\004\100\004\115\004\115\004\063\000\040\004\061\004\060\004\063\004\060\004\101\004\063\004\060\004\105}{chapter.2}% 12
\BOOKMARK [0][-]{chapter.3}{\376\377\004\041\004\030\004\041\004\042\004\025\004\034\004\030\004\031\004\035\000\040\004\027\004\036\004\045\004\030\004\036\004\034\004\026\000\040\004\020\004\040\004\045\004\030\004\042\004\025\004\032\004\042\004\043\004\040}{chapter*.1}% 13
\BOOKMARK [1][-]{section.3.1}{\376\377\004\041\004\070\004\101\004\102\004\065\004\074\004\070\004\071\004\075\000\040\004\110\004\060\004\060\004\100\004\064\004\073\004\060\004\063\004\060}{chapter.3}% 14
\BOOKMARK [1][-]{section.3.2}{\376\377\004\020\004\066\004\073\004\113\004\075\000\040\004\117\004\062\004\106}{chapter.3}% 15
\BOOKMARK [1][-]{section.3.3}{\376\377\004\041\004\070\004\101\004\102\004\065\004\074\004\070\004\071\004\075\000\040\004\060\004\100\004\105\004\070\004\102\004\065\004\072\004\102\004\103\004\100\004\113\004\075\000\040\004\065\004\100\004\351\004\075\004\105\004\070\004\071\000\040\004\061\004\257\004\102\004\115\004\106}{chapter.3}% 16
\BOOKMARK [1][-]{section.3.4}{\376\377\004\041\004\070\004\101\004\102\004\065\004\074\004\070\004\071\004\075\000\040\004\060\004\100\004\105\004\070\004\102\004\065\004\072\004\102\004\103\004\100\004\113\004\075\000\040\004\075\004\060\004\100\004\070\004\071\004\062\004\107\004\070\004\073\004\101\004\060\004\075\000\040\004\061\004\257\004\102\004\115\004\106}{chapter.3}% 17
\BOOKMARK [-1][-]{figure.caption.20}{\376\377\004\055\004\045\000\040\004\041\004\043\004\040\004\022\004\020\004\033\004\026\004\043\004\043\004\024\000\040\000\050\000A\000P\000A\000\040\004\105\004\115\004\073\004\061\004\115\004\100\004\115\004\115\004\100\000\051}{}% 18
\BOOKMARK [-1][-]{chapter*.21}{\376\377\004\045\004\020\004\022\004\041\004\040\004\020\004\033\004\042}{}% 19
\BOOKMARK [0][-]{appendix.A}{\376\377\004\041\004\103\004\064\004\060\004\073\004\063\004\060\004\060\004\075\004\113\000\040\004\105\004\257\004\101\004\075\004\115\004\063\004\102\000,\000\040\004\073\004\070\004\106\004\065\004\075\004\067\004\070\004\071\004\075\000\040\004\105\004\060\004\100\004\114\004\106\004\103\004\103\004\073\004\060\004\073\004\102}{chapter*.21}% 20
\BOOKMARK [0][-]{appendix.B}{\376\377\000O\000d\000o\000o\000\040\000a\000c\000c\000e\000s\000s\000\040\000r\000u\000l\000e\000\040\004\066\004\070\004\110\004\115\004\115}{chapter*.21}% 21
\BOOKMARK [0][-]{appendix.C}{\376\377\000P\000o\000r\000t\000a\000l\000\040\000c\000o\000n\000t\000r\000o\000l\000l\000e\000r\000-\004\070\004\071\004\075\000\040\004\072\004\076\004\064\004\113\004\075\000\040\004\105\004\115\004\101\004\115\004\063\000\040\000\050\004\066\004\070\004\110\004\115\004\115\000\040\004\105\004\115\004\073\004\061\004\115\004\100\004\115\004\115\004\100\000\051}{chapter*.21}% 22
